{"C:\\Users\\chira\\OneDrive\\Desktop\\assignments-master\\week-3\\01-middlewares\\01-requestcount.js": {"path":"C:\\Users\\chira\\OneDrive\\Desktop\\assignments-master\\week-3\\01-middlewares\\01-requestcount.js","all":false,"statementMap":{"0":{"start":{"line":1,"column":0},"end":{"line":1,"column":35}},"1":{"start":{"line":2,"column":0},"end":{"line":2,"column":0}},"2":{"start":{"line":3,"column":0},"end":{"line":3,"column":22}},"3":{"start":{"line":4,"column":0},"end":{"line":4,"column":21}},"4":{"start":{"line":5,"column":0},"end":{"line":5,"column":0}},"5":{"start":{"line":6,"column":0},"end":{"line":6,"column":67}},"6":{"start":{"line":7,"column":0},"end":{"line":7,"column":66}},"7":{"start":{"line":8,"column":0},"end":{"line":8,"column":78}},"8":{"start":{"line":9,"column":0},"end":{"line":9,"column":24}},"9":{"start":{"line":10,"column":0},"end":{"line":10,"column":0}},"10":{"start":{"line":11,"column":0},"end":{"line":11,"column":31}},"11":{"start":{"line":12,"column":0},"end":{"line":12,"column":17}},"12":{"start":{"line":13,"column":0},"end":{"line":13,"column":9}},"13":{"start":{"line":14,"column":0},"end":{"line":14,"column":2}},"14":{"start":{"line":15,"column":0},"end":{"line":15,"column":0}},"15":{"start":{"line":16,"column":0},"end":{"line":16,"column":37}},"16":{"start":{"line":17,"column":0},"end":{"line":17,"column":41}},"17":{"start":{"line":18,"column":0},"end":{"line":18,"column":3}},"18":{"start":{"line":19,"column":0},"end":{"line":19,"column":0}},"19":{"start":{"line":20,"column":0},"end":{"line":20,"column":38}},"20":{"start":{"line":21,"column":0},"end":{"line":21,"column":54}},"21":{"start":{"line":22,"column":0},"end":{"line":22,"column":3}},"22":{"start":{"line":23,"column":0},"end":{"line":23,"column":0}},"23":{"start":{"line":24,"column":0},"end":{"line":24,"column":45}},"24":{"start":{"line":25,"column":0},"end":{"line":25,"column":41}},"25":{"start":{"line":26,"column":0},"end":{"line":26,"column":3}},"26":{"start":{"line":27,"column":0},"end":{"line":27,"column":0}},"27":{"start":{"line":28,"column":0},"end":{"line":28,"column":21}}},"s":{"0":1,"1":1,"2":1,"3":1,"4":1,"5":1,"6":1,"7":1,"8":1,"9":1,"10":1,"11":1,"12":1,"13":1,"14":1,"15":1,"16":0,"17":1,"18":1,"19":1,"20":0,"21":1,"22":1,"23":1,"24":1,"25":1,"26":1,"27":1},"branchMap":{"0":{"type":"branch","line":11,"loc":{"start":{"line":11,"column":8},"end":{"line":14,"column":2}},"locations":[{"start":{"line":11,"column":8},"end":{"line":14,"column":2}}]},"1":{"type":"branch","line":24,"loc":{"start":{"line":24,"column":25},"end":{"line":26,"column":2}},"locations":[{"start":{"line":24,"column":25},"end":{"line":26,"column":2}}]}},"b":{"0":[1],"1":[1]},"fnMap":{},"f":{}}
,"C:\\Users\\chira\\OneDrive\\Desktop\\assignments-master\\week-3\\01-middlewares\\02-ratelimitter.js": {"path":"C:\\Users\\chira\\OneDrive\\Desktop\\assignments-master\\week-3\\01-middlewares\\02-ratelimitter.js","all":false,"statementMap":{"0":{"start":{"line":1,"column":0},"end":{"line":1,"column":35}},"1":{"start":{"line":2,"column":0},"end":{"line":2,"column":22}},"2":{"start":{"line":3,"column":0},"end":{"line":3,"column":67}},"3":{"start":{"line":4,"column":0},"end":{"line":4,"column":66}},"4":{"start":{"line":5,"column":0},"end":{"line":5,"column":67}},"5":{"start":{"line":6,"column":0},"end":{"line":6,"column":70}},"6":{"start":{"line":7,"column":0},"end":{"line":7,"column":32}},"7":{"start":{"line":8,"column":0},"end":{"line":8,"column":67}},"8":{"start":{"line":9,"column":0},"end":{"line":9,"column":79}},"9":{"start":{"line":10,"column":0},"end":{"line":10,"column":26}},"10":{"start":{"line":11,"column":0},"end":{"line":11,"column":0}},"11":{"start":{"line":12,"column":0},"end":{"line":12,"column":33}},"12":{"start":{"line":13,"column":0},"end":{"line":13,"column":19}},"13":{"start":{"line":14,"column":0},"end":{"line":14,"column":33}},"14":{"start":{"line":15,"column":0},"end":{"line":15,"column":8}},"15":{"start":{"line":16,"column":0},"end":{"line":16,"column":0}},"16":{"start":{"line":17,"column":0},"end":{"line":17,"column":0}},"17":{"start":{"line":18,"column":0},"end":{"line":18,"column":25}},"18":{"start":{"line":19,"column":0},"end":{"line":19,"column":40}},"19":{"start":{"line":20,"column":0},"end":{"line":20,"column":39}},"20":{"start":{"line":21,"column":0},"end":{"line":21,"column":41}},"21":{"start":{"line":22,"column":0},"end":{"line":22,"column":45}},"22":{"start":{"line":23,"column":0},"end":{"line":23,"column":48}},"23":{"start":{"line":24,"column":0},"end":{"line":24,"column":12}},"24":{"start":{"line":25,"column":0},"end":{"line":25,"column":13}},"25":{"start":{"line":26,"column":0},"end":{"line":26,"column":5}},"26":{"start":{"line":27,"column":0},"end":{"line":27,"column":10}},"27":{"start":{"line":28,"column":0},"end":{"line":28,"column":40}},"28":{"start":{"line":29,"column":0},"end":{"line":29,"column":11}},"29":{"start":{"line":30,"column":0},"end":{"line":30,"column":3}},"30":{"start":{"line":31,"column":0},"end":{"line":31,"column":2}},"31":{"start":{"line":32,"column":0},"end":{"line":32,"column":0}},"32":{"start":{"line":33,"column":0},"end":{"line":33,"column":0}},"33":{"start":{"line":34,"column":0},"end":{"line":34,"column":37}},"34":{"start":{"line":35,"column":0},"end":{"line":35,"column":41}},"35":{"start":{"line":36,"column":0},"end":{"line":36,"column":3}},"36":{"start":{"line":37,"column":0},"end":{"line":37,"column":0}},"37":{"start":{"line":38,"column":0},"end":{"line":38,"column":38}},"38":{"start":{"line":39,"column":0},"end":{"line":39,"column":54}},"39":{"start":{"line":40,"column":0},"end":{"line":40,"column":3}},"40":{"start":{"line":41,"column":0},"end":{"line":41,"column":0}},"41":{"start":{"line":42,"column":0},"end":{"line":42,"column":21}}},"s":{"0":1,"1":1,"2":1,"3":1,"4":1,"5":1,"6":1,"7":1,"8":1,"9":1,"10":1,"11":1,"12":1,"13":2,"14":1,"15":1,"16":1,"17":1,"18":13,"19":13,"20":11,"21":11,"22":7,"23":11,"24":4,"25":4,"26":13,"27":2,"28":2,"29":2,"30":13,"31":1,"32":1,"33":1,"34":6,"35":1,"36":1,"37":1,"38":0,"39":1,"40":1,"41":1},"branchMap":{"0":{"type":"branch","line":13,"loc":{"start":{"line":13,"column":12},"end":{"line":15,"column":3}},"locations":[{"start":{"line":13,"column":12},"end":{"line":15,"column":3}}]},"1":{"type":"branch","line":18,"loc":{"start":{"line":18,"column":8},"end":{"line":31,"column":2}},"locations":[{"start":{"line":18,"column":8},"end":{"line":31,"column":2}}]},"2":{"type":"branch","line":20,"loc":{"start":{"line":20,"column":38},"end":{"line":27,"column":3}},"locations":[{"start":{"line":20,"column":38},"end":{"line":27,"column":3}}]},"3":{"type":"branch","line":22,"loc":{"start":{"line":22,"column":44},"end":{"line":24,"column":5}},"locations":[{"start":{"line":22,"column":44},"end":{"line":24,"column":5}}]},"4":{"type":"branch","line":24,"loc":{"start":{"line":24,"column":5},"end":{"line":26,"column":5}},"locations":[{"start":{"line":24,"column":5},"end":{"line":26,"column":5}}]},"5":{"type":"branch","line":27,"loc":{"start":{"line":27,"column":3},"end":{"line":30,"column":3}},"locations":[{"start":{"line":27,"column":3},"end":{"line":30,"column":3}}]},"6":{"type":"branch","line":34,"loc":{"start":{"line":34,"column":17},"end":{"line":36,"column":2}},"locations":[{"start":{"line":34,"column":17},"end":{"line":36,"column":2}}]}},"b":{"0":[2],"1":[13],"2":[11],"3":[7],"4":[4],"5":[2],"6":[6]},"fnMap":{},"f":{}}
,"C:\\Users\\chira\\OneDrive\\Desktop\\assignments-master\\week-3\\01-middlewares\\03-errorcount.js": {"path":"C:\\Users\\chira\\OneDrive\\Desktop\\assignments-master\\week-3\\01-middlewares\\03-errorcount.js","all":false,"statementMap":{"0":{"start":{"line":1,"column":0},"end":{"line":1,"column":35}},"1":{"start":{"line":2,"column":0},"end":{"line":2,"column":0}},"2":{"start":{"line":3,"column":0},"end":{"line":3,"column":22}},"3":{"start":{"line":4,"column":0},"end":{"line":4,"column":19}},"4":{"start":{"line":5,"column":0},"end":{"line":5,"column":0}},"5":{"start":{"line":6,"column":0},"end":{"line":6,"column":67}},"6":{"start":{"line":7,"column":0},"end":{"line":7,"column":18}},"7":{"start":{"line":8,"column":0},"end":{"line":8,"column":87}},"8":{"start":{"line":9,"column":0},"end":{"line":9,"column":112}},"9":{"start":{"line":10,"column":0},"end":{"line":10,"column":0}},"10":{"start":{"line":11,"column":0},"end":{"line":11,"column":0}},"11":{"start":{"line":12,"column":0},"end":{"line":12,"column":0}},"12":{"start":{"line":13,"column":0},"end":{"line":13,"column":0}},"13":{"start":{"line":14,"column":0},"end":{"line":14,"column":37}},"14":{"start":{"line":15,"column":0},"end":{"line":15,"column":36}},"15":{"start":{"line":16,"column":0},"end":{"line":16,"column":41}},"16":{"start":{"line":17,"column":0},"end":{"line":17,"column":3}},"17":{"start":{"line":18,"column":0},"end":{"line":18,"column":0}},"18":{"start":{"line":19,"column":0},"end":{"line":19,"column":38}},"19":{"start":{"line":20,"column":0},"end":{"line":20,"column":54}},"20":{"start":{"line":21,"column":0},"end":{"line":21,"column":3}},"21":{"start":{"line":22,"column":0},"end":{"line":22,"column":0}},"22":{"start":{"line":23,"column":0},"end":{"line":23,"column":43}},"23":{"start":{"line":24,"column":0},"end":{"line":24,"column":39}},"24":{"start":{"line":25,"column":0},"end":{"line":25,"column":3}},"25":{"start":{"line":26,"column":0},"end":{"line":26,"column":0}},"26":{"start":{"line":27,"column":0},"end":{"line":27,"column":34}},"27":{"start":{"line":28,"column":0},"end":{"line":28,"column":12}},"28":{"start":{"line":29,"column":0},"end":{"line":29,"column":38}},"29":{"start":{"line":30,"column":0},"end":{"line":30,"column":20}},"30":{"start":{"line":31,"column":0},"end":{"line":31,"column":3}},"31":{"start":{"line":32,"column":0},"end":{"line":32,"column":3}},"32":{"start":{"line":33,"column":0},"end":{"line":33,"column":0}},"33":{"start":{"line":34,"column":0},"end":{"line":34,"column":21}}},"s":{"0":1,"1":1,"2":1,"3":1,"4":1,"5":1,"6":1,"7":1,"8":1,"9":1,"10":1,"11":1,"12":1,"13":1,"14":11,"15":0,"16":1,"17":1,"18":1,"19":0,"20":1,"21":1,"22":1,"23":2,"24":1,"25":1,"26":1,"27":11,"28":11,"29":11,"30":11,"31":1,"32":1,"33":1},"branchMap":{"0":{"type":"branch","line":14,"loc":{"start":{"line":14,"column":17},"end":{"line":17,"column":2}},"locations":[{"start":{"line":14,"column":17},"end":{"line":17,"column":2}}]},"1":{"type":"branch","line":15,"loc":{"start":{"line":15,"column":35},"end":{"line":17,"column":2}},"locations":[{"start":{"line":15,"column":35},"end":{"line":17,"column":2}}]},"2":{"type":"branch","line":23,"loc":{"start":{"line":23,"column":23},"end":{"line":25,"column":2}},"locations":[{"start":{"line":23,"column":23},"end":{"line":25,"column":2}}]},"3":{"type":"branch","line":27,"loc":{"start":{"line":27,"column":8},"end":{"line":32,"column":2}},"locations":[{"start":{"line":27,"column":8},"end":{"line":32,"column":2}}]}},"b":{"0":[11],"1":[0],"2":[2],"3":[11]},"fnMap":{},"f":{}}
}
